<<<<<<< HEAD
2023-10-09 20:07:36;INFO;Successfully connected to the PostgreSQL database
2023-10-09 20:07:36;INFO;Query executed successfully: SELECT * FROM dim_track;
2023-10-09 20:07:36;INFO;Query result: []
2023-10-09 20:07:36;INFO;PostgreSQL connection closed
=======
INFO:root:Successfully connected to the PostgreSQL database
INFO:root:Query executed successfully: SELECT * FROM dim_track;
INFO:root:Query result: []
INFO:root:PostgreSQL connection closed
INFO:root:Successfully connected to the PostgreSQL database
INFO:root:Query executed successfully: SELECT * FROM dim_track;
INFO:root:Query result: []
INFO:root:PostgreSQL connection closed
INFO:root:Successfully connected to the PostgreSQL database
INFO:root:Query executed successfully: SELECT * FROM dim_track;
INFO:root:Query result: []
INFO:root:PostgreSQL connection closed
INFO:root:Successfully connected to the PostgreSQL database
INFO:root:Query executed successfully: SELECT * FROM dim_track;
INFO:root:Query result: []
INFO:root:PostgreSQL connection closed
INFO:root:Successfully connected to the PostgreSQL database
INFO:root:Query executed successfully: SELECT * FROM dim_track;
ERROR:root:Error executing query: Object of type date is not JSON serializable
INFO:root:PostgreSQL connection closed
INFO:root:Successfully connected to the PostgreSQL database
INFO:root:Query result: [
  [
    1,
    "Random Track",
    "Random Artist",
    80,
    123,
    "Random Album",
    "2023-10-08"
  ]
]
INFO:root:Query executed successfully: SELECT * FROM dim_track;
INFO:root:PostgreSQL connection closed
INFO:root:Successfully connected to the PostgreSQL database
INFO:root:Query result: [
  [
    1,
    "Random Track",
    "Random Artist",
    80,
    123,
    "Random Album",
    "2023-10-08"
  ]
]
INFO:root:Query executed successfully: SELECT * FROM dim_track;
INFO:root:PostgreSQL connection closed
>>>>>>> 510bb1306620dd4b6c75706f2fdb39997ce70663
